<?xml version="1.0" encoding="UTF-8"?>
<!-- Generated by org.testng.reporters.JUnitReportReporter -->
<testsuite hostname="CDACLAB-106" failures="0" tests="1" name="com.testng.FirstTestNGClass" time="13.029" errors="0" timestamp="2024-01-12T09:12:54 IST" skipped="0">
  <testcase classname="com.testng.FirstTestNGClass" name="f" time="13.029"/>
</testsuite> <!-- com.testng.FirstTestNGClass -->
