<?xml version="1.0" encoding="UTF-8"?>
<!-- Generated by org.testng.reporters.JUnitReportReporter -->
<testsuite hostname="CDACLAB-106" failures="0" tests="1" name="demopack.DemoTest" time="0.003" errors="0" timestamp="2024-01-12T14:22:38 IST" skipped="0">
  <testcase classname="demopack.DemoTest" name="f" time="0.003"/>
</testsuite> <!-- demopack.DemoTest -->
