<?xml version="1.0" encoding="UTF-8"?>
<!-- Generated by org.testng.reporters.JUnitReportReporter -->
<testsuite hostname="CDACLAB-106" failures="0" tests="3" name="com.testng.SecondTestNGClass" time="0.004" errors="0" timestamp="2024-01-12T09:12:54 IST" skipped="1">
  <testcase classname="com.testng.SecondTestNGClass" name="registration" time="0.002">
    <skipped/>
  </testcase> <!-- registration -->
  <testcase classname="com.testng.SecondTestNGClass" name="login" time="0.001"/>
  <testcase classname="com.testng.SecondTestNGClass" name="logout" time="0.001"/>
</testsuite> <!-- com.testng.SecondTestNGClass -->
