<?xml version="1.0" encoding="UTF-8"?>
<!-- Generated by org.testng.reporters.JUnitReportReporter -->
<testsuite hostname="CDACLAB-106" failures="0" tests="1" name="demopack.ParametrizationDropDown" time="10.116" errors="0" timestamp="2024-01-12T15:01:26 IST" skipped="0">
  <testcase classname="demopack.ParametrizationDropDown" name="f" time="10.116"/>
</testsuite> <!-- demopack.ParametrizationDropDown -->
