<?xml version="1.0" encoding="UTF-8"?>
<!-- Generated by org.testng.reporters.JUnitReportReporter -->
<testsuite hostname="CDACLAB-106" failures="0" tests="1" name="demopack.NewTest2" time="7.126" errors="0" timestamp="2024-01-12T14:33:50 IST" skipped="0">
  <testcase classname="demopack.NewTest2" name="login" time="7.126"/>
</testsuite> <!-- demopack.NewTest2 -->
